<?xml version="1.0" encoding="UTF-8"?>
<!-- Generated by org.testng.reporters.JUnitReportReporter -->
<testsuite hostname="DESKTOP-BCRK034" failures="0" tests="1" name="com.amity.app.tests.EmployeeSearchTest" time="8.726" errors="0" timestamp="2023-01-15T03:40:47 ICT" skipped="0">
  <testcase classname="com.amity.app.tests.EmployeeSearchTest" name="testEmployeeSearch" time="8.726"/>
  <system-out/>
</testsuite> <!-- com.amity.app.tests.EmployeeSearchTest -->
